
  .   ____          _            __ _ _
 /\\ / ___'_ __ _ _(_)_ __  __ _ \ \ \ \
( ( )\___ | '_ | '_| | '_ \/ _` | \ \ \ \
 \\/  ___)| |_)| | | | | || (_| |  ) ) ) )
  '  |____| .__|_| |_|_| |_\__, | / / / /
 =========|_|==============|___/=/_/_/_/

 :: Spring Boot ::                (v4.0.3)

2026-03-10T12:57:28.233Z  INFO 3123 --- [           main] c.h.o.OnlineBankingApplication           : Starting OnlineBankingApplication v0.0.1-SNAPSHOT using Java 21.0.10 with PID 3123 (/home/runner/work/Online-banking-app/Online-banking-app/target/online-banking-0.0.1-SNAPSHOT.jar started by runner in /home/runner/work/Online-banking-app/Online-banking-app)
2026-03-10T12:57:28.238Z  INFO 3123 --- [           main] c.h.o.OnlineBankingApplication           : No active profile set, falling back to 1 default profile: "default"
2026-03-10T12:57:29.254Z  INFO 3123 --- [           main] .s.d.r.c.RepositoryConfigurationDelegate : Bootstrapping Spring Data JPA repositories in DEFAULT mode.
2026-03-10T12:57:29.338Z  INFO 3123 --- [           main] .s.d.r.c.RepositoryConfigurationDelegate : Finished Spring Data repository scanning in 73 ms. Found 10 JPA repository interfaces.
2026-03-10T12:57:30.071Z  INFO 3123 --- [           main] o.s.boot.tomcat.TomcatWebServer          : Tomcat initialized with port 8080 (http)
2026-03-10T12:57:30.106Z  INFO 3123 --- [           main] o.apache.catalina.core.StandardService   : Starting service [Tomcat]
2026-03-10T12:57:30.106Z  INFO 3123 --- [           main] o.apache.catalina.core.StandardEngine    : Starting Servlet engine: [Apache Tomcat/11.0.18]
2026-03-10T12:57:30.137Z  INFO 3123 --- [           main] b.w.c.s.WebApplicationContextInitializer : Root WebApplicationContext: initialization completed in 1806 ms
2026-03-10T12:57:30.423Z  INFO 3123 --- [           main] org.hibernate.orm.jpa                    : HHH008540: Processing PersistenceUnitInfo [name: default]
2026-03-10T12:57:30.503Z  INFO 3123 --- [           main] org.hibernate.orm.core                   : HHH000001: Hibernate ORM core version 7.2.4.Final
2026-03-10T12:57:31.125Z  INFO 3123 --- [           main] o.s.o.j.p.SpringPersistenceUnitInfo      : No LoadTimeWeaver setup: ignoring JPA class transformer
2026-03-10T12:57:31.181Z  INFO 3123 --- [           main] com.zaxxer.hikari.HikariDataSource       : HikariPool-1 - Starting...
2026-03-10T12:57:31.516Z  INFO 3123 --- [           main] com.zaxxer.hikari.pool.HikariPool        : HikariPool-1 - Added connection com.mysql.cj.jdbc.ConnectionImpl@3291d9c2
2026-03-10T12:57:31.518Z  INFO 3123 --- [           main] com.zaxxer.hikari.HikariDataSource       : HikariPool-1 - Start completed.
2026-03-10T12:57:31.590Z  INFO 3123 --- [           main] org.hibernate.orm.connections.pooling    : HHH10001005: Database info:
	Database JDBC URL [jdbc:mysql://localhost:3306/onlinebanking2?createDatabaseIfNotExist=true&useUnicode=true&useJDBCCompliantTimezoneShift=true&useLegacyDatetimeCode=false&serverTimezone=Asia/Jakarta&useSSL=false&allowPublicKeyRetrieval=true]
	Database driver: MySQL Connector/J
	Database dialect: MySQLDialect
	Database version: 8.0.45
	Default catalog/schema: onlinebanking2/undefined
	Autocommit mode: undefined/unknown
	Isolation level: REPEATABLE_READ [default REPEATABLE_READ]
	JDBC fetch size: none
	Pool: DataSourceConnectionProvider
	Minimum pool size: undefined/unknown
	Maximum pool size: undefined/unknown
2026-03-10T12:57:32.826Z  INFO 3123 --- [           main] org.hibernate.orm.core                   : HHH000489: No JTA platform available (set 'hibernate.transaction.jta.platform' to enable JTA platform integration)
2026-03-10T12:57:33.342Z  INFO 3123 --- [           main] j.LocalContainerEntityManagerFactoryBean : Initialized JPA EntityManagerFactory for persistence unit 'default'
2026-03-10T12:57:33.447Z  INFO 3123 --- [           main] o.s.d.j.r.query.QueryEnhancerFactories   : Hibernate is in classpath; If applicable, HQL parser will be used.
2026-03-10T12:57:35.114Z  WARN 3123 --- [           main] JpaBaseConfiguration$JpaWebConfiguration : spring.jpa.open-in-view is enabled by default. Therefore, database queries may be performed during view rendering. Explicitly configure spring.jpa.open-in-view to disable this warning
2026-03-10T12:57:35.211Z  INFO 3123 --- [           main] eAuthenticationProviderManagerConfigurer : Global AuthenticationManager configured with AuthenticationProvider bean with name authenticationProvider
2026-03-10T12:57:35.212Z  WARN 3123 --- [           main] r$InitializeUserDetailsManagerConfigurer : Global AuthenticationManager configured with an AuthenticationProvider bean. UserDetailsService beans will not be used by Spring Security for automatically configuring username/password login. Consider removing the AuthenticationProvider bean. Alternatively, consider using the UserDetailsService in a manually instantiated DaoAuthenticationProvider. If the current configuration is intentional, to turn off this warning, increase the logging level of 'org.springframework.security.config.annotation.authentication.configuration.InitializeUserDetailsBeanManagerConfigurer' to ERROR
2026-03-10T12:57:35.475Z  INFO 3123 --- [           main] o.s.b.w.a.WelcomePageHandlerMapping      : Adding welcome page template: index
2026-03-10T12:57:35.798Z  INFO 3123 --- [           main] o.s.boot.tomcat.TomcatWebServer          : Tomcat started on port 8080 (http) with context path '/'
2026-03-10T12:57:35.888Z  INFO 3123 --- [           main] c.h.o.OnlineBankingApplication           : Started OnlineBankingApplication in 8.178 seconds (process running for 8.914)
2026-03-10T12:57:35.991Z  INFO 3123 --- [           main] c.h.onlinebanking.config.DataLoader      : Found 0 roles in database
2026-03-10T12:57:35.991Z  INFO 3123 --- [           main] c.h.onlinebanking.config.DataLoader      : Creating default roles
2026-03-10T12:57:36.081Z  INFO 3123 --- [           main] c.h.onlinebanking.config.DataLoader      : Default roles created
2026-03-10T12:57:36.172Z  INFO 3123 --- [           main] c.h.onlinebanking.config.DataLoader      : Creating default user: yu71
2026-03-10T12:57:36.515Z  INFO 3123 --- [           main] c.h.onlinebanking.config.DataLoader      : Default user 'yu71' created successfully
2026-03-10T12:57:37.091Z  INFO 3123 --- [nio-8080-exec-1] o.a.c.c.C.[Tomcat].[localhost].[/]       : Initializing Spring DispatcherServlet 'dispatcherServlet'
2026-03-10T12:57:37.091Z  INFO 3123 --- [nio-8080-exec-1] o.s.web.servlet.DispatcherServlet        : Initializing Servlet 'dispatcherServlet'
2026-03-10T12:57:37.093Z  INFO 3123 --- [nio-8080-exec-1] o.s.web.servlet.DispatcherServlet        : Completed initialization in 2 ms
